<?xml version="1.0" encoding="UTF-8"?>
<robot generator="Robot 6.0.1 (Python 3.11.1 on win32)" generated="20230310 18:19:28.404" rpa="false" schemaversion="3">
<suite id="s1" name="Login" source="c:\CV_Behra\Test_Cases\Login.robot">
<test id="s1-t1" name="Test_Login" line="9">
<kw name="Open Browser" library="SeleniumLibrary">
<arg>${URL}</arg>
<arg>${Browser}</arg>
<doc>Opens a new browser instance to the optional ``url``.</doc>
<msg timestamp="20230310 18:19:28.573" level="INFO">Opening browser 'chrome' to base url 'https://github.com/'.</msg>
<status status="PASS" starttime="20230310 18:19:28.572" endtime="20230310 18:19:31.031"/>
</kw>
<kw name="Maximize Browser Window" library="SeleniumLibrary">
<doc>Maximizes current browser window.</doc>
<status status="PASS" starttime="20230310 18:19:31.032" endtime="20230310 18:19:31.695"/>
</kw>
<kw name="Sleep" library="BuiltIn">
<arg>4</arg>
<doc>Pauses the test executed for the given time.</doc>
<msg timestamp="20230310 18:19:35.696" level="INFO">Slept 4 seconds</msg>
<status status="PASS" starttime="20230310 18:19:31.695" endtime="20230310 18:19:35.696"/>
</kw>
<kw name="Click Link" library="SeleniumLibrary">
<arg>xpath://a[@href='/login']</arg>
<doc>Clicks a link identified by ``locator``.</doc>
<msg timestamp="20230310 18:19:35.697" level="INFO">Clicking link 'xpath://a[@href='/login']'.</msg>
<status status="PASS" starttime="20230310 18:19:35.697" endtime="20230310 18:19:35.775"/>
</kw>
<kw name="Sleep" library="BuiltIn">
<arg>4</arg>
<doc>Pauses the test executed for the given time.</doc>
<msg timestamp="20230310 18:19:39.776" level="INFO">Slept 4 seconds</msg>
<status status="PASS" starttime="20230310 18:19:35.776" endtime="20230310 18:19:39.777"/>
</kw>
<kw name="Input Text" library="SeleniumLibrary">
<arg>id=login_field</arg>
<arg>behra123</arg>
<doc>Types the given ``text`` into the text field identified by ``locator``.</doc>
<msg timestamp="20230310 18:19:39.779" level="INFO">Typing text 'behra123' into text field 'id=login_field'.</msg>
<status status="PASS" starttime="20230310 18:19:39.778" endtime="20230310 18:19:39.849"/>
</kw>
<kw name="Input Password" library="SeleniumLibrary">
<arg>id=password</arg>
<arg>Behra@1012</arg>
<doc>Types the given password into the text field identified by ``locator``.</doc>
<msg timestamp="20230310 18:19:39.851" level="INFO">Typing password into text field 'id=password'.</msg>
<msg timestamp="20230310 18:19:39.890" level="INFO">Temporally setting log level to: NONE</msg>
<msg timestamp="20230310 18:19:39.936" level="INFO">Log level changed from NONE to INFO.</msg>
<status status="PASS" starttime="20230310 18:19:39.850" endtime="20230310 18:19:39.936"/>
</kw>
<kw name="Sleep" library="BuiltIn">
<arg>4</arg>
<doc>Pauses the test executed for the given time.</doc>
<msg timestamp="20230310 18:19:43.938" level="INFO">Slept 4 seconds</msg>
<status status="PASS" starttime="20230310 18:19:39.937" endtime="20230310 18:19:43.938"/>
</kw>
<kw name="Click Button" library="SeleniumLibrary">
<arg>xpath://input[@name='commit']</arg>
<doc>Clicks the button identified by ``locator``.</doc>
<msg timestamp="20230310 18:19:43.939" level="INFO">Clicking button 'xpath://input[@name='commit']'.</msg>
<status status="PASS" starttime="20230310 18:19:43.938" endtime="20230310 18:19:45.443"/>
</kw>
<kw name="Sleep" library="BuiltIn">
<arg>4</arg>
<doc>Pauses the test executed for the given time.</doc>
<msg timestamp="20230310 18:19:49.445" level="INFO">Slept 4 seconds</msg>
<status status="PASS" starttime="20230310 18:19:45.445" endtime="20230310 18:19:49.445"/>
</kw>
<kw name="Click Link" library="SeleniumLibrary">
<arg>(//a[@href='/behra123/CV_Behra'])[2]</arg>
<doc>Clicks a link identified by ``locator``.</doc>
<msg timestamp="20230310 18:19:49.446" level="INFO">Clicking link '(//a[@href='/behra123/CV_Behra'])[2]'.</msg>
<status status="PASS" starttime="20230310 18:19:49.445" endtime="20230310 18:19:50.488"/>
</kw>
<status status="PASS" starttime="20230310 18:19:28.571" endtime="20230310 18:19:50.489"/>
</test>
<status status="PASS" starttime="20230310 18:19:28.416" endtime="20230310 18:19:50.491"/>
</suite>
<statistics>
<total>
<stat pass="1" fail="0" skip="0">All Tests</stat>
</total>
<tag>
</tag>
<suite>
<stat pass="1" fail="0" skip="0" id="s1" name="Login">Login</stat>
</suite>
</statistics>
<errors>
</errors>
</robot>
